<?xml version="1.0" encoding="utf-8"?>
<CoverageSession xmlns:xsd="http://www.w3.org/2001/XMLSchema" xmlns:xsi="http://www.w3.org/2001/XMLSchema-instance" Version="0.0.0.0">
  <Summary numSequencePoints="93" visitedSequencePoints="73" numBranchPoints="0" visitedBranchPoints="0" sequenceCoverage="78.49" branchCoverage="0.0" maxCyclomaticComplexity="0" minCyclomaticComplexity="0" maxCrapScore="0" minCrapScore="0" visitedClasses="6" numClasses="6" visitedMethods="15" numMethods="15" />
  <Modules>
    <Module>
      <Summary numSequencePoints="17" visitedSequencePoints="17" numBranchPoints="0" visitedBranchPoints="0" sequenceCoverage="100.0" branchCoverage="0.0" maxCyclomaticComplexity="0" minCyclomaticComplexity="0" maxCrapScore="0" minCrapScore="0" visitedClasses="2" numClasses="2" visitedMethods="3" numMethods="3" />
      <ModuleTime>0001-01-01T00:00:00</ModuleTime>
      <ModuleName>Tests</ModuleName>
      <Files>
        <File uid="1" fullPath="C:/Users/labuser/Desktop/Real World Sim - Daire/Crashteroids_C00258019_C00252129/starter/Assets/Tests/TestSuite.cs" />
      </Files>
      <Classes>
        <Class>
          <Summary numSequencePoints="7" visitedSequencePoints="7" numBranchPoints="0" visitedBranchPoints="0" sequenceCoverage="100.0" branchCoverage="0.0" maxCyclomaticComplexity="0" minCyclomaticComplexity="0" maxCrapScore="0" minCrapScore="0" visitedClasses="1" numClasses="1" visitedMethods="2" numMethods="2" />
          <FullName>TestSuite</FullName>
          <Methods>
            <Method visited="true" cyclomaticComplexity="0" nPathComplexity="0" sequenceCoverage="100.0" branchCoverage="0" crapScore="0" isConstructor="false" isStatic="false" isGetter="false" isSetter="false">
              <Summary numSequencePoints="4" visitedSequencePoints="4" numBranchPoints="0" visitedBranchPoints="0" sequenceCoverage="100.0" branchCoverage="0" maxCyclomaticComplexity="0" minCyclomaticComplexity="0" maxCrapScore="0" minCrapScore="0" visitedClasses="0" numClasses="0" visitedMethods="1" numMethods="1" />
              <MetadataToken>100663297</MetadataToken>
              <Name>System.Void TestSuite::Setup()</Name>
              <FileRef uid="1" />
              <SequencePoints>
                <SequencePoint vc="1" uspid="1" ordinal="0" offset="0" sl="13" sc="5" el="13" ec="5" bec="0" bev="0" fileid="1" />
                <SequencePoint vc="1" uspid="2" ordinal="0" offset="1" sl="14" sc="9" el="14" ec="9" bec="0" bev="0" fileid="1" />
                <SequencePoint vc="1" uspid="3" ordinal="0" offset="17" sl="16" sc="9" el="16" ec="9" bec="0" bev="0" fileid="1" />
                <SequencePoint vc="1" uspid="4" ordinal="0" offset="29" sl="17" sc="5" el="17" ec="5" bec="0" bev="0" fileid="1" />
              </SequencePoints>
              <BranchPoints />
            </Method>
            <Method visited="true" cyclomaticComplexity="0" nPathComplexity="0" sequenceCoverage="100.0" branchCoverage="0" crapScore="0" isConstructor="false" isStatic="false" isGetter="false" isSetter="false">
              <Summary numSequencePoints="3" visitedSequencePoints="3" numBranchPoints="0" visitedBranchPoints="0" sequenceCoverage="100.0" branchCoverage="0" maxCyclomaticComplexity="0" minCyclomaticComplexity="0" maxCrapScore="0" minCrapScore="0" visitedClasses="0" numClasses="0" visitedMethods="1" numMethods="1" />
              <MetadataToken>100663298</MetadataToken>
              <Name>System.Void TestSuite::Teardown()</Name>
              <FileRef uid="1" />
              <SequencePoints>
                <SequencePoint vc="1" uspid="5" ordinal="0" offset="0" sl="21" sc="5" el="21" ec="5" bec="0" bev="0" fileid="1" />
                <SequencePoint vc="1" uspid="6" ordinal="0" offset="1" sl="22" sc="9" el="22" ec="9" bec="0" bev="0" fileid="1" />
                <SequencePoint vc="1" uspid="7" ordinal="0" offset="18" sl="23" sc="5" el="23" ec="5" bec="0" bev="0" fileid="1" />
              </SequencePoints>
              <BranchPoints />
            </Method>
          </Methods>
        </Class>
        <Class>
          <Summary numSequencePoints="10" visitedSequencePoints="10" numBranchPoints="0" visitedBranchPoints="0" sequenceCoverage="100.0" branchCoverage="0.0" maxCyclomaticComplexity="0" minCyclomaticComplexity="0" maxCrapScore="0" minCrapScore="0" visitedClasses="1" numClasses="1" visitedMethods="1" numMethods="1" />
          <FullName>TestSuite/&lt;CheckIfAsteroidGetsDestroyed&gt;d__10</FullName>
          <Methods>
            <Method visited="true" cyclomaticComplexity="0" nPathComplexity="0" sequenceCoverage="100.0" branchCoverage="0" crapScore="0" isConstructor="false" isStatic="false" isGetter="false" isSetter="false">
              <Summary numSequencePoints="10" visitedSequencePoints="10" numBranchPoints="0" visitedBranchPoints="0" sequenceCoverage="100.0" branchCoverage="0" maxCyclomaticComplexity="0" minCyclomaticComplexity="0" maxCrapScore="0" minCrapScore="0" visitedClasses="0" numClasses="0" visitedMethods="1" numMethods="1" />
              <MetadataToken>100663318</MetadataToken>
              <Name>System.Boolean TestSuite/&lt;CheckIfAsteroidGetsDestroyed&gt;d__10::MoveNext()</Name>
              <FileRef uid="1" />
              <SequencePoints>
                <SequencePoint vc="1" uspid="22" ordinal="0" offset="31" sl="124" sc="5" el="124" ec="5" bec="0" bev="0" fileid="1" />
                <SequencePoint vc="1" uspid="23" ordinal="0" offset="32" sl="126" sc="9" el="126" ec="9" bec="0" bev="0" fileid="1" />
                <SequencePoint vc="1" uspid="24" ordinal="0" offset="59" sl="128" sc="9" el="128" ec="9" bec="0" bev="0" fileid="1" />
                <SequencePoint vc="1" uspid="25" ordinal="0" offset="66" sl="129" sc="9" el="129" ec="9" bec="0" bev="0" fileid="1" />
                <SequencePoint vc="1" uspid="26" ordinal="0" offset="98" sl="131" sc="9" el="131" ec="9" bec="0" bev="0" fileid="1" />
                <SequencePoint vc="1" uspid="27" ordinal="0" offset="114" sl="132" sc="9" el="132" ec="9" bec="0" bev="0" fileid="1" />
                <SequencePoint vc="1" uspid="28" ordinal="0" offset="115" sl="133" sc="13" el="133" ec="13" bec="0" bev="0" fileid="1" />
                <SequencePoint vc="1" uspid="29" ordinal="0" offset="122" sl="134" sc="9" el="134" ec="9" bec="0" bev="0" fileid="1" />
                <SequencePoint vc="1" uspid="30" ordinal="0" offset="123" sl="136" sc="9" el="136" ec="9" bec="0" bev="0" fileid="1" />
                <SequencePoint vc="1" uspid="31" ordinal="0" offset="135" sl="138" sc="5" el="138" ec="5" bec="0" bev="0" fileid="1" />
              </SequencePoints>
              <BranchPoints />
            </Method>
          </Methods>
        </Class>
      </Classes>
    </Module>
    <Module>
      <Summary numSequencePoints="76" visitedSequencePoints="56" numBranchPoints="0" visitedBranchPoints="0" sequenceCoverage="73.68" branchCoverage="0.0" maxCyclomaticComplexity="0" minCyclomaticComplexity="0" maxCrapScore="0" minCrapScore="0" visitedClasses="4" numClasses="4" visitedMethods="12" numMethods="12" />
      <ModuleTime>0001-01-01T00:00:00</ModuleTime>
      <ModuleName>GameAssembly</ModuleName>
      <Files>
        <File uid="2" fullPath="C:/Users/labuser/Desktop/Real World Sim - Daire/Crashteroids_C00258019_C00252129/starter/Assets/Scripts/Asteroid.cs" />
        <File uid="3" fullPath="C:/Users/labuser/Desktop/Real World Sim - Daire/Crashteroids_C00258019_C00252129/starter/Assets/Scripts/Game.cs" />
        <File uid="4" fullPath="C:/Users/labuser/Desktop/Real World Sim - Daire/Crashteroids_C00258019_C00252129/starter/Assets/Scripts/Laser.cs" />
        <File uid="5" fullPath="C:/Users/labuser/Desktop/Real World Sim - Daire/Crashteroids_C00258019_C00252129/starter/Assets/Scripts/Ship.cs" />
        <File uid="6" fullPath="C:/Users/labuser/Desktop/Real World Sim - Daire/Crashteroids_C00258019_C00252129/starter/Assets/Scripts/Spawner.cs" />
      </Files>
      <Classes>
        <Class>
          <Summary numSequencePoints="12" visitedSequencePoints="12" numBranchPoints="0" visitedBranchPoints="0" sequenceCoverage="100.0" branchCoverage="0.0" maxCyclomaticComplexity="0" minCyclomaticComplexity="0" maxCrapScore="0" minCrapScore="0" visitedClasses="1" numClasses="1" visitedMethods="3" numMethods="3" />
          <FullName>Asteroid</FullName>
          <Methods>
            <Method visited="true" cyclomaticComplexity="0" nPathComplexity="0" sequenceCoverage="100.0" branchCoverage="0" crapScore="0" isConstructor="false" isStatic="false" isGetter="false" isSetter="false">
              <Summary numSequencePoints="3" visitedSequencePoints="3" numBranchPoints="0" visitedBranchPoints="0" sequenceCoverage="100.0" branchCoverage="0" maxCyclomaticComplexity="0" minCyclomaticComplexity="0" maxCrapScore="0" minCrapScore="0" visitedClasses="0" numClasses="0" visitedMethods="1" numMethods="1" />
              <MetadataToken>100663297</MetadataToken>
              <Name>System.Void Asteroid::Update()</Name>
              <FileRef uid="2" />
              <SequencePoints>
                <SequencePoint vc="939" uspid="68" ordinal="0" offset="0" sl="39" sc="5" el="39" ec="5" bec="0" bev="0" fileid="2" />
                <SequencePoint vc="939" uspid="69" ordinal="0" offset="1" sl="40" sc="9" el="40" ec="9" bec="0" bev="0" fileid="2" />
                <SequencePoint vc="939" uspid="70" ordinal="0" offset="8" sl="41" sc="5" el="41" ec="5" bec="0" bev="0" fileid="2" />
              </SequencePoints>
              <BranchPoints />
            </Method>
            <Method visited="true" cyclomaticComplexity="0" nPathComplexity="0" sequenceCoverage="100.0" branchCoverage="0" crapScore="0" isConstructor="false" isStatic="false" isGetter="false" isSetter="false">
              <Summary numSequencePoints="7" visitedSequencePoints="7" numBranchPoints="0" visitedBranchPoints="0" sequenceCoverage="100.0" branchCoverage="0" maxCyclomaticComplexity="0" minCyclomaticComplexity="0" maxCrapScore="0" minCrapScore="0" visitedClasses="0" numClasses="0" visitedMethods="1" numMethods="1" />
              <MetadataToken>100663298</MetadataToken>
              <Name>System.Void Asteroid::Move()</Name>
              <FileRef uid="2" />
              <SequencePoints>
                <SequencePoint vc="939" uspid="71" ordinal="0" offset="0" sl="44" sc="5" el="44" ec="5" bec="0" bev="0" fileid="2" />
                <SequencePoint vc="939" uspid="72" ordinal="0" offset="1" sl="45" sc="9" el="45" ec="9" bec="0" bev="0" fileid="2" />
                <SequencePoint vc="939" uspid="73" ordinal="0" offset="39" sl="46" sc="9" el="46" ec="9" bec="0" bev="0" fileid="2" />
                <SequencePoint vc="1" uspid="74" ordinal="0" offset="67" sl="47" sc="9" el="47" ec="9" bec="0" bev="0" fileid="2" />
                <SequencePoint vc="1" uspid="75" ordinal="0" offset="68" sl="48" sc="13" el="48" ec="13" bec="0" bev="0" fileid="2" />
                <SequencePoint vc="1" uspid="76" ordinal="0" offset="80" sl="49" sc="9" el="49" ec="9" bec="0" bev="0" fileid="2" />
                <SequencePoint vc="939" uspid="77" ordinal="0" offset="81" sl="50" sc="5" el="50" ec="5" bec="0" bev="0" fileid="2" />
              </SequencePoints>
              <BranchPoints />
            </Method>
            <Method visited="true" cyclomaticComplexity="0" nPathComplexity="0" sequenceCoverage="100.0" branchCoverage="0" crapScore="0" isConstructor="true" isStatic="false" isGetter="false" isSetter="false">
              <Summary numSequencePoints="2" visitedSequencePoints="2" numBranchPoints="0" visitedBranchPoints="0" sequenceCoverage="100.0" branchCoverage="0" maxCyclomaticComplexity="0" minCyclomaticComplexity="0" maxCrapScore="0" minCrapScore="0" visitedClasses="0" numClasses="0" visitedMethods="1" numMethods="1" />
              <MetadataToken>100663300</MetadataToken>
              <Name>Asteroid::Asteroid()</Name>
              <FileRef uid="2" />
              <SequencePoints>
                <SequencePoint vc="5" uspid="85" ordinal="0" offset="0" sl="35" sc="5" el="35" ec="5" bec="0" bev="0" fileid="2" />
                <SequencePoint vc="5" uspid="86" ordinal="0" offset="11" sl="36" sc="5" el="36" ec="5" bec="0" bev="0" fileid="2" />
              </SequencePoints>
              <BranchPoints />
            </Method>
          </Methods>
        </Class>
        <Class>
          <Summary numSequencePoints="12" visitedSequencePoints="12" numBranchPoints="0" visitedBranchPoints="0" sequenceCoverage="100.0" branchCoverage="0.0" maxCyclomaticComplexity="0" minCyclomaticComplexity="0" maxCrapScore="0" minCrapScore="0" visitedClasses="1" numClasses="1" visitedMethods="3" numMethods="3" />
          <FullName>Game</FullName>
          <Methods>
            <Method visited="true" cyclomaticComplexity="0" nPathComplexity="0" sequenceCoverage="100.0" branchCoverage="0" crapScore="0" isConstructor="false" isStatic="false" isGetter="false" isSetter="false">
              <Summary numSequencePoints="7" visitedSequencePoints="7" numBranchPoints="0" visitedBranchPoints="0" sequenceCoverage="100.0" branchCoverage="0" maxCyclomaticComplexity="0" minCyclomaticComplexity="0" maxCrapScore="0" minCrapScore="0" visitedClasses="0" numClasses="0" visitedMethods="1" numMethods="1" />
              <MetadataToken>100663301</MetadataToken>
              <Name>System.Void Game::Start()</Name>
              <FileRef uid="3" />
              <SequencePoints>
                <SequencePoint vc="1" uspid="87" ordinal="0" offset="0" sl="49" sc="5" el="49" ec="5" bec="0" bev="0" fileid="3" />
                <SequencePoint vc="1" uspid="88" ordinal="0" offset="1" sl="50" sc="9" el="50" ec="9" bec="0" bev="0" fileid="3" />
                <SequencePoint vc="1" uspid="89" ordinal="0" offset="7" sl="51" sc="9" el="51" ec="9" bec="0" bev="0" fileid="3" />
                <SequencePoint vc="1" uspid="90" ordinal="0" offset="20" sl="52" sc="9" el="52" ec="9" bec="0" bev="0" fileid="3" />
                <SequencePoint vc="1" uspid="91" ordinal="0" offset="33" sl="53" sc="9" el="53" ec="9" bec="0" bev="0" fileid="3" />
                <SequencePoint vc="1" uspid="92" ordinal="0" offset="46" sl="54" sc="9" el="54" ec="9" bec="0" bev="0" fileid="3" />
                <SequencePoint vc="1" uspid="93" ordinal="0" offset="59" sl="55" sc="5" el="55" ec="5" bec="0" bev="0" fileid="3" />
              </SequencePoints>
              <BranchPoints />
            </Method>
            <Method visited="true" cyclomaticComplexity="0" nPathComplexity="0" sequenceCoverage="100.0" branchCoverage="0" crapScore="0" isConstructor="false" isStatic="false" isGetter="false" isSetter="false">
              <Summary numSequencePoints="3" visitedSequencePoints="3" numBranchPoints="0" visitedBranchPoints="0" sequenceCoverage="100.0" branchCoverage="0" maxCyclomaticComplexity="0" minCyclomaticComplexity="0" maxCrapScore="0" minCrapScore="0" visitedClasses="0" numClasses="0" visitedMethods="1" numMethods="1" />
              <MetadataToken>100663306</MetadataToken>
              <Name>Spawner Game::GetSpawner()</Name>
              <FileRef uid="3" />
              <SequencePoints>
                <SequencePoint vc="1" uspid="122" ordinal="0" offset="0" sl="94" sc="5" el="94" ec="5" bec="0" bev="0" fileid="3" />
                <SequencePoint vc="1" uspid="123" ordinal="0" offset="1" sl="95" sc="9" el="95" ec="9" bec="0" bev="0" fileid="3" />
                <SequencePoint vc="1" uspid="124" ordinal="0" offset="15" sl="96" sc="5" el="96" ec="5" bec="0" bev="0" fileid="3" />
              </SequencePoints>
              <BranchPoints />
            </Method>
            <Method visited="true" cyclomaticComplexity="0" nPathComplexity="0" sequenceCoverage="100.0" branchCoverage="0" crapScore="0" isConstructor="true" isStatic="false" isGetter="false" isSetter="false">
              <Summary numSequencePoints="2" visitedSequencePoints="2" numBranchPoints="0" visitedBranchPoints="0" sequenceCoverage="100.0" branchCoverage="0" maxCyclomaticComplexity="0" minCyclomaticComplexity="0" maxCrapScore="0" minCrapScore="0" visitedClasses="0" numClasses="0" visitedMethods="1" numMethods="1" />
              <MetadataToken>100663307</MetadataToken>
              <Name>Game::Game()</Name>
              <FileRef uid="3" />
              <SequencePoints>
                <SequencePoint vc="2" uspid="125" ordinal="0" offset="0" sl="36" sc="5" el="36" ec="5" bec="0" bev="0" fileid="3" />
                <SequencePoint vc="2" uspid="126" ordinal="0" offset="7" sl="37" sc="5" el="37" ec="5" bec="0" bev="0" fileid="3" />
              </SequencePoints>
              <BranchPoints />
            </Method>
          </Methods>
        </Class>
        <Class>
          <Summary numSequencePoints="25" visitedSequencePoints="13" numBranchPoints="0" visitedBranchPoints="0" sequenceCoverage="52.00" branchCoverage="0.0" maxCyclomaticComplexity="0" minCyclomaticComplexity="0" maxCrapScore="0" minCrapScore="0" visitedClasses="1" numClasses="1" visitedMethods="3" numMethods="3" />
          <FullName>Ship</FullName>
          <Methods>
            <Method visited="true" cyclomaticComplexity="0" nPathComplexity="0" sequenceCoverage="100.0" branchCoverage="0" crapScore="0" isConstructor="false" isStatic="false" isGetter="false" isSetter="false">
              <Summary numSequencePoints="3" visitedSequencePoints="3" numBranchPoints="0" visitedBranchPoints="0" sequenceCoverage="100.0" branchCoverage="0" maxCyclomaticComplexity="0" minCyclomaticComplexity="0" maxCrapScore="0" minCrapScore="0" visitedClasses="0" numClasses="0" visitedMethods="1" numMethods="1" />
              <MetadataToken>100663311</MetadataToken>
              <Name>System.Void Ship::Awake()</Name>
              <FileRef uid="5" />
              <SequencePoints>
                <SequencePoint vc="1" uspid="143" ordinal="0" offset="0" sl="50" sc="5" el="50" ec="5" bec="0" bev="0" fileid="5" />
                <SequencePoint vc="1" uspid="144" ordinal="0" offset="1" sl="51" sc="9" el="51" ec="9" bec="0" bev="0" fileid="5" />
                <SequencePoint vc="1" uspid="145" ordinal="0" offset="13" sl="52" sc="5" el="52" ec="5" bec="0" bev="0" fileid="5" />
              </SequencePoints>
              <BranchPoints />
            </Method>
            <Method visited="true" cyclomaticComplexity="0" nPathComplexity="0" sequenceCoverage="29.41" branchCoverage="0" crapScore="0" isConstructor="false" isStatic="false" isGetter="false" isSetter="false">
              <Summary numSequencePoints="17" visitedSequencePoints="5" numBranchPoints="0" visitedBranchPoints="0" sequenceCoverage="29.41" branchCoverage="0" maxCyclomaticComplexity="0" minCyclomaticComplexity="0" maxCrapScore="0" minCrapScore="0" visitedClasses="0" numClasses="0" visitedMethods="1" numMethods="1" />
              <MetadataToken>100663312</MetadataToken>
              <Name>System.Void Ship::Update()</Name>
              <FileRef uid="5" />
              <SequencePoints>
                <SequencePoint vc="1395" uspid="146" ordinal="0" offset="0" sl="55" sc="5" el="55" ec="5" bec="0" bev="0" fileid="5" />
                <SequencePoint vc="1395" uspid="147" ordinal="0" offset="1" sl="56" sc="9" el="56" ec="9" bec="0" bev="0" fileid="5" />
                <SequencePoint vc="1395" uspid="148" ordinal="0" offset="11" sl="57" sc="9" el="57" ec="9" bec="0" bev="0" fileid="5" />
                <SequencePoint vc="1395" uspid="149" ordinal="0" offset="12" sl="58" sc="13" el="58" ec="13" bec="0" bev="0" fileid="5" />
                <SequencePoint vc="0" uspid="150" ordinal="0" offset="14" sl="61" sc="9" el="61" ec="9" bec="0" bev="0" fileid="5" />
                <SequencePoint vc="0" uspid="151" ordinal="0" offset="36" sl="62" sc="9" el="62" ec="9" bec="0" bev="0" fileid="5" />
                <SequencePoint vc="0" uspid="152" ordinal="0" offset="37" sl="63" sc="13" el="63" ec="13" bec="0" bev="0" fileid="5" />
                <SequencePoint vc="0" uspid="153" ordinal="0" offset="44" sl="64" sc="9" el="64" ec="9" bec="0" bev="0" fileid="5" />
                <SequencePoint vc="0" uspid="154" ordinal="0" offset="45" sl="66" sc="9" el="66" ec="9" bec="0" bev="0" fileid="5" />
                <SequencePoint vc="0" uspid="155" ordinal="0" offset="59" sl="67" sc="9" el="67" ec="9" bec="0" bev="0" fileid="5" />
                <SequencePoint vc="0" uspid="156" ordinal="0" offset="60" sl="68" sc="13" el="68" ec="13" bec="0" bev="0" fileid="5" />
                <SequencePoint vc="0" uspid="157" ordinal="0" offset="67" sl="69" sc="9" el="69" ec="9" bec="0" bev="0" fileid="5" />
                <SequencePoint vc="0" uspid="158" ordinal="0" offset="68" sl="71" sc="9" el="71" ec="9" bec="0" bev="0" fileid="5" />
                <SequencePoint vc="0" uspid="159" ordinal="0" offset="82" sl="72" sc="9" el="72" ec="9" bec="0" bev="0" fileid="5" />
                <SequencePoint vc="0" uspid="160" ordinal="0" offset="83" sl="73" sc="13" el="73" ec="13" bec="0" bev="0" fileid="5" />
                <SequencePoint vc="0" uspid="161" ordinal="0" offset="90" sl="74" sc="9" el="74" ec="9" bec="0" bev="0" fileid="5" />
                <SequencePoint vc="1395" uspid="162" ordinal="0" offset="91" sl="75" sc="5" el="75" ec="5" bec="0" bev="0" fileid="5" />
              </SequencePoints>
              <BranchPoints />
            </Method>
            <Method visited="true" cyclomaticComplexity="0" nPathComplexity="0" sequenceCoverage="100.0" branchCoverage="0" crapScore="0" isConstructor="true" isStatic="false" isGetter="false" isSetter="false">
              <Summary numSequencePoints="5" visitedSequencePoints="5" numBranchPoints="0" visitedBranchPoints="0" sequenceCoverage="100.0" branchCoverage="0" maxCyclomaticComplexity="0" minCyclomaticComplexity="0" maxCrapScore="0" minCrapScore="0" visitedClasses="0" numClasses="0" visitedMethods="1" numMethods="1" />
              <MetadataToken>100663320</MetadataToken>
              <Name>Ship::Ship()</Name>
              <FileRef uid="5" />
              <SequencePoints>
                <SequencePoint vc="2" uspid="195" ordinal="0" offset="0" sl="36" sc="5" el="36" ec="5" bec="0" bev="0" fileid="5" />
                <SequencePoint vc="2" uspid="196" ordinal="0" offset="7" sl="37" sc="5" el="37" ec="5" bec="0" bev="0" fileid="5" />
                <SequencePoint vc="2" uspid="197" ordinal="0" offset="18" sl="38" sc="5" el="38" ec="5" bec="0" bev="0" fileid="5" />
                <SequencePoint vc="2" uspid="198" ordinal="0" offset="25" sl="46" sc="5" el="46" ec="5" bec="0" bev="0" fileid="5" />
                <SequencePoint vc="2" uspid="199" ordinal="0" offset="36" sl="47" sc="5" el="47" ec="5" bec="0" bev="0" fileid="5" />
              </SequencePoints>
              <BranchPoints />
            </Method>
          </Methods>
        </Class>
        <Class>
          <Summary numSequencePoints="27" visitedSequencePoints="19" numBranchPoints="0" visitedBranchPoints="0" sequenceCoverage="70.37" branchCoverage="0.0" maxCyclomaticComplexity="0" minCyclomaticComplexity="0" maxCrapScore="0" minCrapScore="0" visitedClasses="1" numClasses="1" visitedMethods="3" numMethods="3" />
          <FullName>Spawner</FullName>
          <Methods>
            <Method visited="true" cyclomaticComplexity="0" nPathComplexity="0" sequenceCoverage="100.0" branchCoverage="0" crapScore="0" isConstructor="false" isStatic="false" isGetter="false" isSetter="false">
              <Summary numSequencePoints="6" visitedSequencePoints="6" numBranchPoints="0" visitedBranchPoints="0" sequenceCoverage="100.0" branchCoverage="0" maxCyclomaticComplexity="0" minCyclomaticComplexity="0" maxCrapScore="0" minCrapScore="0" visitedClasses="0" numClasses="0" visitedMethods="1" numMethods="1" />
              <MetadataToken>100663321</MetadataToken>
              <Name>System.Void Spawner::Awake()</Name>
              <FileRef uid="6" />
              <SequencePoints>
                <SequencePoint vc="1" uspid="200" ordinal="0" offset="0" sl="51" sc="5" el="51" ec="5" bec="0" bev="0" fileid="6" />
                <SequencePoint vc="1" uspid="201" ordinal="0" offset="1" sl="52" sc="9" el="52" ec="9" bec="0" bev="0" fileid="6" />
                <SequencePoint vc="1" uspid="202" ordinal="0" offset="57" sl="54" sc="9" el="54" ec="9" bec="0" bev="0" fileid="6" />
                <SequencePoint vc="1" uspid="203" ordinal="0" offset="74" sl="55" sc="9" el="55" ec="9" bec="0" bev="0" fileid="6" />
                <SequencePoint vc="1" uspid="204" ordinal="0" offset="86" sl="56" sc="9" el="56" ec="9" bec="0" bev="0" fileid="6" />
                <SequencePoint vc="1" uspid="205" ordinal="0" offset="98" sl="57" sc="5" el="57" ec="5" bec="0" bev="0" fileid="6" />
              </SequencePoints>
              <BranchPoints />
            </Method>
            <Method visited="true" cyclomaticComplexity="0" nPathComplexity="0" sequenceCoverage="52.94" branchCoverage="0" crapScore="0" isConstructor="false" isStatic="false" isGetter="false" isSetter="false">
              <Summary numSequencePoints="17" visitedSequencePoints="9" numBranchPoints="0" visitedBranchPoints="0" sequenceCoverage="52.94" branchCoverage="0" maxCyclomaticComplexity="0" minCyclomaticComplexity="0" maxCrapScore="0" minCrapScore="0" visitedClasses="0" numClasses="0" visitedMethods="1" numMethods="1" />
              <MetadataToken>100663324</MetadataToken>
              <Name>UnityEngine.GameObject Spawner::SpawnAsteroid()</Name>
              <FileRef uid="6" />
              <SequencePoints>
                <SequencePoint vc="1" uspid="209" ordinal="0" offset="0" sl="74" sc="5" el="74" ec="5" bec="0" bev="0" fileid="6" />
                <SequencePoint vc="1" uspid="210" ordinal="0" offset="1" sl="75" sc="9" el="75" ec="9" bec="0" bev="0" fileid="6" />
                <SequencePoint vc="1" uspid="211" ordinal="0" offset="9" sl="77" sc="9" el="77" ec="9" bec="0" bev="0" fileid="6" />
                <SequencePoint vc="0" uspid="212" ordinal="0" offset="39" sl="80" sc="17" el="80" ec="17" bec="0" bev="0" fileid="6" />
                <SequencePoint vc="0" uspid="213" ordinal="0" offset="51" sl="81" sc="17" el="81" ec="17" bec="0" bev="0" fileid="6" />
                <SequencePoint vc="0" uspid="214" ordinal="0" offset="53" sl="83" sc="17" el="83" ec="17" bec="0" bev="0" fileid="6" />
                <SequencePoint vc="0" uspid="215" ordinal="0" offset="65" sl="84" sc="17" el="84" ec="17" bec="0" bev="0" fileid="6" />
                <SequencePoint vc="0" uspid="216" ordinal="0" offset="67" sl="86" sc="17" el="86" ec="17" bec="0" bev="0" fileid="6" />
                <SequencePoint vc="0" uspid="217" ordinal="0" offset="79" sl="87" sc="17" el="87" ec="17" bec="0" bev="0" fileid="6" />
                <SequencePoint vc="1" uspid="218" ordinal="0" offset="81" sl="89" sc="17" el="89" ec="17" bec="0" bev="0" fileid="6" />
                <SequencePoint vc="1" uspid="219" ordinal="0" offset="93" sl="90" sc="17" el="90" ec="17" bec="0" bev="0" fileid="6" />
                <SequencePoint vc="0" uspid="220" ordinal="0" offset="95" sl="92" sc="17" el="92" ec="17" bec="0" bev="0" fileid="6" />
                <SequencePoint vc="0" uspid="221" ordinal="0" offset="107" sl="93" sc="17" el="93" ec="17" bec="0" bev="0" fileid="6" />
                <SequencePoint vc="1" uspid="222" ordinal="0" offset="109" sl="96" sc="9" el="96" ec="9" bec="0" bev="0" fileid="6" />
                <SequencePoint vc="1" uspid="223" ordinal="0" offset="117" sl="97" sc="9" el="97" ec="9" bec="0" bev="0" fileid="6" />
                <SequencePoint vc="1" uspid="224" ordinal="0" offset="125" sl="98" sc="9" el="98" ec="9" bec="0" bev="0" fileid="6" />
                <SequencePoint vc="1" uspid="225" ordinal="0" offset="130" sl="99" sc="5" el="99" ec="5" bec="0" bev="0" fileid="6" />
              </SequencePoints>
              <BranchPoints />
            </Method>
            <Method visited="true" cyclomaticComplexity="0" nPathComplexity="0" sequenceCoverage="100.0" branchCoverage="0" crapScore="0" isConstructor="false" isStatic="false" isGetter="false" isSetter="false">
              <Summary numSequencePoints="4" visitedSequencePoints="4" numBranchPoints="0" visitedBranchPoints="0" sequenceCoverage="100.0" branchCoverage="0" maxCyclomaticComplexity="0" minCyclomaticComplexity="0" maxCrapScore="0" minCrapScore="0" visitedClasses="0" numClasses="0" visitedMethods="1" numMethods="1" />
              <MetadataToken>100663325</MetadataToken>
              <Name>System.Void Spawner::SetPosition(UnityEngine.GameObject)</Name>
              <FileRef uid="6" />
              <SequencePoints>
                <SequencePoint vc="1" uspid="226" ordinal="0" offset="0" sl="102" sc="5" el="102" ec="5" bec="0" bev="0" fileid="6" />
                <SequencePoint vc="1" uspid="227" ordinal="0" offset="1" sl="103" sc="9" el="103" ec="9" bec="0" bev="0" fileid="6" />
                <SequencePoint vc="1" uspid="228" ordinal="0" offset="17" sl="106" sc="9" el="106" ec="9" bec="0" bev="0" fileid="6" />
                <SequencePoint vc="1" uspid="229" ordinal="0" offset="57" sl="107" sc="5" el="107" ec="5" bec="0" bev="0" fileid="6" />
              </SequencePoints>
              <BranchPoints />
            </Method>
          </Methods>
        </Class>
      </Classes>
    </Module>
  </Modules>
</CoverageSession>