<?xml version="1.0" encoding="utf-8"?>
<CoverageSession xmlns:xsd="http://www.w3.org/2001/XMLSchema" xmlns:xsi="http://www.w3.org/2001/XMLSchema-instance" Version="0.0.0.0">
  <Summary numSequencePoints="77" visitedSequencePoints="51" numBranchPoints="0" visitedBranchPoints="0" sequenceCoverage="66.23" branchCoverage="0.0" maxCyclomaticComplexity="0" minCyclomaticComplexity="0" maxCrapScore="0" minCrapScore="0" visitedClasses="5" numClasses="5" visitedMethods="11" numMethods="11" />
  <Modules>
    <Module>
      <Summary numSequencePoints="17" visitedSequencePoints="14" numBranchPoints="0" visitedBranchPoints="0" sequenceCoverage="82.35" branchCoverage="0.0" maxCyclomaticComplexity="0" minCyclomaticComplexity="0" maxCrapScore="0" minCrapScore="0" visitedClasses="2" numClasses="2" visitedMethods="3" numMethods="3" />
      <ModuleTime>0001-01-01T00:00:00</ModuleTime>
      <ModuleName>Tests</ModuleName>
      <Files>
        <File uid="1" fullPath="C:/Users/labuser/Desktop/Real World Sim - Daire/Crashteroids_C00258019_C00252129/starter/Assets/Tests/TestSuite.cs" />
      </Files>
      <Classes>
        <Class>
          <Summary numSequencePoints="7" visitedSequencePoints="7" numBranchPoints="0" visitedBranchPoints="0" sequenceCoverage="100.0" branchCoverage="0.0" maxCyclomaticComplexity="0" minCyclomaticComplexity="0" maxCrapScore="0" minCrapScore="0" visitedClasses="1" numClasses="1" visitedMethods="2" numMethods="2" />
          <FullName>TestSuite</FullName>
          <Methods>
            <Method visited="true" cyclomaticComplexity="0" nPathComplexity="0" sequenceCoverage="100.0" branchCoverage="0" crapScore="0" isConstructor="false" isStatic="false" isGetter="false" isSetter="false">
              <Summary numSequencePoints="4" visitedSequencePoints="4" numBranchPoints="0" visitedBranchPoints="0" sequenceCoverage="100.0" branchCoverage="0" maxCyclomaticComplexity="0" minCyclomaticComplexity="0" maxCrapScore="0" minCrapScore="0" visitedClasses="0" numClasses="0" visitedMethods="1" numMethods="1" />
              <MetadataToken>100663297</MetadataToken>
              <Name>System.Void TestSuite::Setup()</Name>
              <FileRef uid="1" />
              <SequencePoints>
                <SequencePoint vc="1" uspid="288" ordinal="0" offset="0" sl="13" sc="5" el="13" ec="5" bec="0" bev="0" fileid="1" />
                <SequencePoint vc="1" uspid="289" ordinal="0" offset="1" sl="14" sc="9" el="14" ec="9" bec="0" bev="0" fileid="1" />
                <SequencePoint vc="1" uspid="290" ordinal="0" offset="17" sl="16" sc="9" el="16" ec="9" bec="0" bev="0" fileid="1" />
                <SequencePoint vc="1" uspid="291" ordinal="0" offset="29" sl="17" sc="5" el="17" ec="5" bec="0" bev="0" fileid="1" />
              </SequencePoints>
              <BranchPoints />
            </Method>
            <Method visited="true" cyclomaticComplexity="0" nPathComplexity="0" sequenceCoverage="100.0" branchCoverage="0" crapScore="0" isConstructor="false" isStatic="false" isGetter="false" isSetter="false">
              <Summary numSequencePoints="3" visitedSequencePoints="3" numBranchPoints="0" visitedBranchPoints="0" sequenceCoverage="100.0" branchCoverage="0" maxCyclomaticComplexity="0" minCyclomaticComplexity="0" maxCrapScore="0" minCrapScore="0" visitedClasses="0" numClasses="0" visitedMethods="1" numMethods="1" />
              <MetadataToken>100663298</MetadataToken>
              <Name>System.Void TestSuite::Teardown()</Name>
              <FileRef uid="1" />
              <SequencePoints>
                <SequencePoint vc="1" uspid="292" ordinal="0" offset="0" sl="21" sc="5" el="21" ec="5" bec="0" bev="0" fileid="1" />
                <SequencePoint vc="1" uspid="293" ordinal="0" offset="1" sl="22" sc="9" el="22" ec="9" bec="0" bev="0" fileid="1" />
                <SequencePoint vc="1" uspid="294" ordinal="0" offset="18" sl="23" sc="5" el="23" ec="5" bec="0" bev="0" fileid="1" />
              </SequencePoints>
              <BranchPoints />
            </Method>
          </Methods>
        </Class>
        <Class>
          <Summary numSequencePoints="10" visitedSequencePoints="7" numBranchPoints="0" visitedBranchPoints="0" sequenceCoverage="70.00" branchCoverage="0.0" maxCyclomaticComplexity="0" minCyclomaticComplexity="0" maxCrapScore="0" minCrapScore="0" visitedClasses="1" numClasses="1" visitedMethods="1" numMethods="1" />
          <FullName>TestSuite/&lt;ShipMovesUp&gt;d__11</FullName>
          <Methods>
            <Method visited="true" cyclomaticComplexity="0" nPathComplexity="0" sequenceCoverage="70.00" branchCoverage="0" crapScore="0" isConstructor="false" isStatic="false" isGetter="false" isSetter="false">
              <Summary numSequencePoints="10" visitedSequencePoints="7" numBranchPoints="0" visitedBranchPoints="0" sequenceCoverage="70.00" branchCoverage="0" maxCyclomaticComplexity="0" minCyclomaticComplexity="0" maxCrapScore="0" minCrapScore="0" visitedClasses="0" numClasses="0" visitedMethods="1" numMethods="1" />
              <MetadataToken>100663349</MetadataToken>
              <Name>System.Boolean TestSuite/&lt;ShipMovesUp&gt;d__11::MoveNext()</Name>
              <FileRef uid="1" />
              <SequencePoints>
                <SequencePoint vc="1" uspid="350" ordinal="0" offset="34" sl="141" sc="5" el="141" ec="5" bec="0" bev="0" fileid="1" />
                <SequencePoint vc="1" uspid="351" ordinal="0" offset="35" sl="143" sc="9" el="143" ec="9" bec="0" bev="0" fileid="1" />
                <SequencePoint vc="1" uspid="352" ordinal="0" offset="72" sl="146" sc="9" el="146" ec="9" bec="0" bev="0" fileid="1" />
                <SequencePoint vc="1" uspid="353" ordinal="0" offset="94" sl="148" sc="9" el="148" ec="9" bec="0" bev="0" fileid="1" />
                <SequencePoint vc="0" uspid="354" ordinal="0" offset="137" sl="149" sc="9" el="149" ec="9" bec="0" bev="0" fileid="1" />
                <SequencePoint vc="0" uspid="355" ordinal="0" offset="138" sl="150" sc="13" el="150" ec="13" bec="0" bev="0" fileid="1" />
                <SequencePoint vc="0" uspid="356" ordinal="0" offset="149" sl="151" sc="9" el="151" ec="9" bec="0" bev="0" fileid="1" />
                <SequencePoint vc="1" uspid="357" ordinal="0" offset="150" sl="152" sc="9" el="152" ec="9" bec="0" bev="0" fileid="1" />
                <SequencePoint vc="1" uspid="358" ordinal="0" offset="182" sl="154" sc="9" el="154" ec="9" bec="0" bev="0" fileid="1" />
                <SequencePoint vc="1" uspid="359" ordinal="0" offset="225" sl="155" sc="5" el="155" ec="5" bec="0" bev="0" fileid="1" />
              </SequencePoints>
              <BranchPoints />
            </Method>
          </Methods>
        </Class>
      </Classes>
    </Module>
    <Module>
      <Summary numSequencePoints="60" visitedSequencePoints="37" numBranchPoints="0" visitedBranchPoints="0" sequenceCoverage="61.67" branchCoverage="0.0" maxCyclomaticComplexity="0" minCyclomaticComplexity="0" maxCrapScore="0" minCrapScore="0" visitedClasses="3" numClasses="3" visitedMethods="8" numMethods="8" />
      <ModuleTime>0001-01-01T00:00:00</ModuleTime>
      <ModuleName>GameAssembly</ModuleName>
      <Files>
        <File uid="2" fullPath="C:/Users/labuser/Desktop/Real World Sim - Daire/Crashteroids_C00258019_C00252129/starter/Assets/Scripts/Asteroid.cs" />
        <File uid="3" fullPath="C:/Users/labuser/Desktop/Real World Sim - Daire/Crashteroids_C00258019_C00252129/starter/Assets/Scripts/Game.cs" />
        <File uid="4" fullPath="C:/Users/labuser/Desktop/Real World Sim - Daire/Crashteroids_C00258019_C00252129/starter/Assets/Scripts/Laser.cs" />
        <File uid="5" fullPath="C:/Users/labuser/Desktop/Real World Sim - Daire/Crashteroids_C00258019_C00252129/starter/Assets/Scripts/Ship.cs" />
        <File uid="6" fullPath="C:/Users/labuser/Desktop/Real World Sim - Daire/Crashteroids_C00258019_C00252129/starter/Assets/Scripts/Spawner.cs" />
      </Files>
      <Classes>
        <Class>
          <Summary numSequencePoints="12" visitedSequencePoints="12" numBranchPoints="0" visitedBranchPoints="0" sequenceCoverage="100.0" branchCoverage="0.0" maxCyclomaticComplexity="0" minCyclomaticComplexity="0" maxCrapScore="0" minCrapScore="0" visitedClasses="1" numClasses="1" visitedMethods="3" numMethods="3" />
          <FullName>Game</FullName>
          <Methods>
            <Method visited="true" cyclomaticComplexity="0" nPathComplexity="0" sequenceCoverage="100.0" branchCoverage="0" crapScore="0" isConstructor="false" isStatic="false" isGetter="false" isSetter="false">
              <Summary numSequencePoints="7" visitedSequencePoints="7" numBranchPoints="0" visitedBranchPoints="0" sequenceCoverage="100.0" branchCoverage="0" maxCyclomaticComplexity="0" minCyclomaticComplexity="0" maxCrapScore="0" minCrapScore="0" visitedClasses="0" numClasses="0" visitedMethods="1" numMethods="1" />
              <MetadataToken>100663301</MetadataToken>
              <Name>System.Void Game::Start()</Name>
              <FileRef uid="3" />
              <SequencePoints>
                <SequencePoint vc="1" uspid="384" ordinal="0" offset="0" sl="49" sc="5" el="49" ec="5" bec="0" bev="0" fileid="3" />
                <SequencePoint vc="1" uspid="385" ordinal="0" offset="1" sl="50" sc="9" el="50" ec="9" bec="0" bev="0" fileid="3" />
                <SequencePoint vc="1" uspid="386" ordinal="0" offset="7" sl="51" sc="9" el="51" ec="9" bec="0" bev="0" fileid="3" />
                <SequencePoint vc="1" uspid="387" ordinal="0" offset="20" sl="52" sc="9" el="52" ec="9" bec="0" bev="0" fileid="3" />
                <SequencePoint vc="1" uspid="388" ordinal="0" offset="33" sl="53" sc="9" el="53" ec="9" bec="0" bev="0" fileid="3" />
                <SequencePoint vc="1" uspid="389" ordinal="0" offset="46" sl="54" sc="9" el="54" ec="9" bec="0" bev="0" fileid="3" />
                <SequencePoint vc="1" uspid="390" ordinal="0" offset="59" sl="55" sc="5" el="55" ec="5" bec="0" bev="0" fileid="3" />
              </SequencePoints>
              <BranchPoints />
            </Method>
            <Method visited="true" cyclomaticComplexity="0" nPathComplexity="0" sequenceCoverage="100.0" branchCoverage="0" crapScore="0" isConstructor="false" isStatic="false" isGetter="false" isSetter="false">
              <Summary numSequencePoints="3" visitedSequencePoints="3" numBranchPoints="0" visitedBranchPoints="0" sequenceCoverage="100.0" branchCoverage="0" maxCyclomaticComplexity="0" minCyclomaticComplexity="0" maxCrapScore="0" minCrapScore="0" visitedClasses="0" numClasses="0" visitedMethods="1" numMethods="1" />
              <MetadataToken>100663305</MetadataToken>
              <Name>Ship Game::GetShip()</Name>
              <FileRef uid="3" />
              <SequencePoints>
                <SequencePoint vc="4" uspid="416" ordinal="0" offset="0" sl="89" sc="5" el="89" ec="5" bec="0" bev="0" fileid="3" />
                <SequencePoint vc="4" uspid="417" ordinal="0" offset="1" sl="90" sc="9" el="90" ec="9" bec="0" bev="0" fileid="3" />
                <SequencePoint vc="4" uspid="418" ordinal="0" offset="15" sl="91" sc="5" el="91" ec="5" bec="0" bev="0" fileid="3" />
              </SequencePoints>
              <BranchPoints />
            </Method>
            <Method visited="true" cyclomaticComplexity="0" nPathComplexity="0" sequenceCoverage="100.0" branchCoverage="0" crapScore="0" isConstructor="true" isStatic="false" isGetter="false" isSetter="false">
              <Summary numSequencePoints="2" visitedSequencePoints="2" numBranchPoints="0" visitedBranchPoints="0" sequenceCoverage="100.0" branchCoverage="0" maxCyclomaticComplexity="0" minCyclomaticComplexity="0" maxCrapScore="0" minCrapScore="0" visitedClasses="0" numClasses="0" visitedMethods="1" numMethods="1" />
              <MetadataToken>100663307</MetadataToken>
              <Name>Game::Game()</Name>
              <FileRef uid="3" />
              <SequencePoints>
                <SequencePoint vc="1" uspid="422" ordinal="0" offset="0" sl="36" sc="5" el="36" ec="5" bec="0" bev="0" fileid="3" />
                <SequencePoint vc="1" uspid="423" ordinal="0" offset="7" sl="37" sc="5" el="37" ec="5" bec="0" bev="0" fileid="3" />
              </SequencePoints>
              <BranchPoints />
            </Method>
          </Methods>
        </Class>
        <Class>
          <Summary numSequencePoints="42" visitedSequencePoints="19" numBranchPoints="0" visitedBranchPoints="0" sequenceCoverage="45.24" branchCoverage="0.0" maxCyclomaticComplexity="0" minCyclomaticComplexity="0" maxCrapScore="0" minCrapScore="0" visitedClasses="1" numClasses="1" visitedMethods="4" numMethods="4" />
          <FullName>Ship</FullName>
          <Methods>
            <Method visited="true" cyclomaticComplexity="0" nPathComplexity="0" sequenceCoverage="100.0" branchCoverage="0" crapScore="0" isConstructor="false" isStatic="false" isGetter="false" isSetter="false">
              <Summary numSequencePoints="3" visitedSequencePoints="3" numBranchPoints="0" visitedBranchPoints="0" sequenceCoverage="100.0" branchCoverage="0" maxCyclomaticComplexity="0" minCyclomaticComplexity="0" maxCrapScore="0" minCrapScore="0" visitedClasses="0" numClasses="0" visitedMethods="1" numMethods="1" />
              <MetadataToken>100663311</MetadataToken>
              <Name>System.Void Ship::Awake()</Name>
              <FileRef uid="5" />
              <SequencePoints>
                <SequencePoint vc="1" uspid="440" ordinal="0" offset="0" sl="52" sc="5" el="52" ec="5" bec="0" bev="0" fileid="5" />
                <SequencePoint vc="1" uspid="441" ordinal="0" offset="1" sl="53" sc="9" el="53" ec="9" bec="0" bev="0" fileid="5" />
                <SequencePoint vc="1" uspid="442" ordinal="0" offset="13" sl="54" sc="5" el="54" ec="5" bec="0" bev="0" fileid="5" />
              </SequencePoints>
              <BranchPoints />
            </Method>
            <Method visited="true" cyclomaticComplexity="0" nPathComplexity="0" sequenceCoverage="20.00" branchCoverage="0" crapScore="0" isConstructor="false" isStatic="false" isGetter="false" isSetter="false">
              <Summary numSequencePoints="25" visitedSequencePoints="5" numBranchPoints="0" visitedBranchPoints="0" sequenceCoverage="20.00" branchCoverage="0" maxCyclomaticComplexity="0" minCyclomaticComplexity="0" maxCrapScore="0" minCrapScore="0" visitedClasses="0" numClasses="0" visitedMethods="1" numMethods="1" />
              <MetadataToken>100663312</MetadataToken>
              <Name>System.Void Ship::Update()</Name>
              <FileRef uid="5" />
              <SequencePoints>
                <SequencePoint vc="640" uspid="443" ordinal="0" offset="0" sl="57" sc="5" el="57" ec="5" bec="0" bev="0" fileid="5" />
                <SequencePoint vc="640" uspid="444" ordinal="0" offset="1" sl="58" sc="9" el="58" ec="9" bec="0" bev="0" fileid="5" />
                <SequencePoint vc="640" uspid="445" ordinal="0" offset="11" sl="59" sc="9" el="59" ec="9" bec="0" bev="0" fileid="5" />
                <SequencePoint vc="640" uspid="446" ordinal="0" offset="12" sl="60" sc="13" el="60" ec="13" bec="0" bev="0" fileid="5" />
                <SequencePoint vc="0" uspid="447" ordinal="0" offset="14" sl="63" sc="9" el="63" ec="9" bec="0" bev="0" fileid="5" />
                <SequencePoint vc="0" uspid="448" ordinal="0" offset="36" sl="64" sc="9" el="64" ec="9" bec="0" bev="0" fileid="5" />
                <SequencePoint vc="0" uspid="449" ordinal="0" offset="37" sl="65" sc="13" el="65" ec="13" bec="0" bev="0" fileid="5" />
                <SequencePoint vc="0" uspid="450" ordinal="0" offset="44" sl="66" sc="9" el="66" ec="9" bec="0" bev="0" fileid="5" />
                <SequencePoint vc="0" uspid="451" ordinal="0" offset="45" sl="68" sc="9" el="68" ec="9" bec="0" bev="0" fileid="5" />
                <SequencePoint vc="0" uspid="452" ordinal="0" offset="59" sl="69" sc="9" el="69" ec="9" bec="0" bev="0" fileid="5" />
                <SequencePoint vc="0" uspid="453" ordinal="0" offset="60" sl="70" sc="13" el="70" ec="13" bec="0" bev="0" fileid="5" />
                <SequencePoint vc="0" uspid="454" ordinal="0" offset="67" sl="71" sc="9" el="71" ec="9" bec="0" bev="0" fileid="5" />
                <SequencePoint vc="0" uspid="455" ordinal="0" offset="68" sl="73" sc="9" el="73" ec="9" bec="0" bev="0" fileid="5" />
                <SequencePoint vc="0" uspid="456" ordinal="0" offset="82" sl="74" sc="9" el="74" ec="9" bec="0" bev="0" fileid="5" />
                <SequencePoint vc="0" uspid="457" ordinal="0" offset="83" sl="75" sc="13" el="75" ec="13" bec="0" bev="0" fileid="5" />
                <SequencePoint vc="0" uspid="458" ordinal="0" offset="90" sl="76" sc="9" el="76" ec="9" bec="0" bev="0" fileid="5" />
                <SequencePoint vc="0" uspid="459" ordinal="0" offset="91" sl="78" sc="9" el="78" ec="9" bec="0" bev="0" fileid="5" />
                <SequencePoint vc="0" uspid="460" ordinal="0" offset="107" sl="79" sc="9" el="79" ec="9" bec="0" bev="0" fileid="5" />
                <SequencePoint vc="0" uspid="461" ordinal="0" offset="108" sl="80" sc="13" el="80" ec="13" bec="0" bev="0" fileid="5" />
                <SequencePoint vc="0" uspid="462" ordinal="0" offset="115" sl="81" sc="9" el="81" ec="9" bec="0" bev="0" fileid="5" />
                <SequencePoint vc="0" uspid="463" ordinal="0" offset="116" sl="82" sc="9" el="82" ec="9" bec="0" bev="0" fileid="5" />
                <SequencePoint vc="0" uspid="464" ordinal="0" offset="132" sl="83" sc="9" el="83" ec="9" bec="0" bev="0" fileid="5" />
                <SequencePoint vc="0" uspid="465" ordinal="0" offset="133" sl="84" sc="13" el="84" ec="13" bec="0" bev="0" fileid="5" />
                <SequencePoint vc="0" uspid="466" ordinal="0" offset="140" sl="85" sc="9" el="85" ec="9" bec="0" bev="0" fileid="5" />
                <SequencePoint vc="640" uspid="467" ordinal="0" offset="141" sl="86" sc="5" el="86" ec="5" bec="0" bev="0" fileid="5" />
              </SequencePoints>
              <BranchPoints />
            </Method>
            <Method visited="true" cyclomaticComplexity="0" nPathComplexity="0" sequenceCoverage="57.14" branchCoverage="0" crapScore="0" isConstructor="false" isStatic="false" isGetter="false" isSetter="false">
              <Summary numSequencePoints="7" visitedSequencePoints="4" numBranchPoints="0" visitedBranchPoints="0" sequenceCoverage="57.14" branchCoverage="0" maxCyclomaticComplexity="0" minCyclomaticComplexity="0" maxCrapScore="0" minCrapScore="0" visitedClasses="0" numClasses="0" visitedMethods="1" numMethods="1" />
              <MetadataToken>100663318</MetadataToken>
              <Name>System.Void Ship::MoveUp()</Name>
              <FileRef uid="5" />
              <SequencePoints>
                <SequencePoint vc="1" uspid="490" ordinal="0" offset="0" sl="128" sc="5" el="128" ec="5" bec="0" bev="0" fileid="5" />
                <SequencePoint vc="1" uspid="491" ordinal="0" offset="1" sl="129" sc="9" el="129" ec="9" bec="0" bev="0" fileid="5" />
                <SequencePoint vc="1" uspid="492" ordinal="0" offset="44" sl="130" sc="9" el="130" ec="9" bec="0" bev="0" fileid="5" />
                <SequencePoint vc="0" uspid="493" ordinal="0" offset="72" sl="131" sc="9" el="131" ec="9" bec="0" bev="0" fileid="5" />
                <SequencePoint vc="0" uspid="494" ordinal="0" offset="73" sl="132" sc="13" el="132" ec="13" bec="0" bev="0" fileid="5" />
                <SequencePoint vc="0" uspid="495" ordinal="0" offset="128" sl="133" sc="9" el="133" ec="9" bec="0" bev="0" fileid="5" />
                <SequencePoint vc="1" uspid="496" ordinal="0" offset="129" sl="134" sc="5" el="134" ec="5" bec="0" bev="0" fileid="5" />
              </SequencePoints>
              <BranchPoints />
            </Method>
            <Method visited="true" cyclomaticComplexity="0" nPathComplexity="0" sequenceCoverage="100.0" branchCoverage="0" crapScore="0" isConstructor="true" isStatic="false" isGetter="false" isSetter="false">
              <Summary numSequencePoints="7" visitedSequencePoints="7" numBranchPoints="0" visitedBranchPoints="0" sequenceCoverage="100.0" branchCoverage="0" maxCyclomaticComplexity="0" minCyclomaticComplexity="0" maxCrapScore="0" minCrapScore="0" visitedClasses="0" numClasses="0" visitedMethods="1" numMethods="1" />
              <MetadataToken>100663322</MetadataToken>
              <Name>Ship::Ship()</Name>
              <FileRef uid="5" />
              <SequencePoints>
                <SequencePoint vc="1" uspid="514" ordinal="0" offset="0" sl="36" sc="5" el="36" ec="5" bec="0" bev="0" fileid="5" />
                <SequencePoint vc="1" uspid="515" ordinal="0" offset="7" sl="37" sc="5" el="37" ec="5" bec="0" bev="0" fileid="5" />
                <SequencePoint vc="1" uspid="516" ordinal="0" offset="18" sl="38" sc="5" el="38" ec="5" bec="0" bev="0" fileid="5" />
                <SequencePoint vc="1" uspid="517" ordinal="0" offset="25" sl="46" sc="5" el="46" ec="5" bec="0" bev="0" fileid="5" />
                <SequencePoint vc="1" uspid="518" ordinal="0" offset="36" sl="47" sc="5" el="47" ec="5" bec="0" bev="0" fileid="5" />
                <SequencePoint vc="1" uspid="519" ordinal="0" offset="47" sl="48" sc="5" el="48" ec="5" bec="0" bev="0" fileid="5" />
                <SequencePoint vc="1" uspid="520" ordinal="0" offset="58" sl="49" sc="5" el="49" ec="5" bec="0" bev="0" fileid="5" />
              </SequencePoints>
              <BranchPoints />
            </Method>
          </Methods>
        </Class>
        <Class>
          <Summary numSequencePoints="6" visitedSequencePoints="6" numBranchPoints="0" visitedBranchPoints="0" sequenceCoverage="100.0" branchCoverage="0.0" maxCyclomaticComplexity="0" minCyclomaticComplexity="0" maxCrapScore="0" minCrapScore="0" visitedClasses="1" numClasses="1" visitedMethods="1" numMethods="1" />
          <FullName>Spawner</FullName>
          <Methods>
            <Method visited="true" cyclomaticComplexity="0" nPathComplexity="0" sequenceCoverage="100.0" branchCoverage="0" crapScore="0" isConstructor="false" isStatic="false" isGetter="false" isSetter="false">
              <Summary numSequencePoints="6" visitedSequencePoints="6" numBranchPoints="0" visitedBranchPoints="0" sequenceCoverage="100.0" branchCoverage="0" maxCyclomaticComplexity="0" minCyclomaticComplexity="0" maxCrapScore="0" minCrapScore="0" visitedClasses="0" numClasses="0" visitedMethods="1" numMethods="1" />
              <MetadataToken>100663323</MetadataToken>
              <Name>System.Void Spawner::Awake()</Name>
              <FileRef uid="6" />
              <SequencePoints>
                <SequencePoint vc="1" uspid="521" ordinal="0" offset="0" sl="51" sc="5" el="51" ec="5" bec="0" bev="0" fileid="6" />
                <SequencePoint vc="1" uspid="522" ordinal="0" offset="1" sl="52" sc="9" el="52" ec="9" bec="0" bev="0" fileid="6" />
                <SequencePoint vc="1" uspid="523" ordinal="0" offset="57" sl="54" sc="9" el="54" ec="9" bec="0" bev="0" fileid="6" />
                <SequencePoint vc="1" uspid="524" ordinal="0" offset="74" sl="55" sc="9" el="55" ec="9" bec="0" bev="0" fileid="6" />
                <SequencePoint vc="1" uspid="525" ordinal="0" offset="86" sl="56" sc="9" el="56" ec="9" bec="0" bev="0" fileid="6" />
                <SequencePoint vc="1" uspid="526" ordinal="0" offset="98" sl="57" sc="5" el="57" ec="5" bec="0" bev="0" fileid="6" />
              </SequencePoints>
              <BranchPoints />
            </Method>
          </Methods>
        </Class>
      </Classes>
    </Module>
  </Modules>
</CoverageSession>